<?xml version="1.0" encoding="UTF-8"?>
<testsuite name="com.kim.book.springboot.web.HelloControllerTest" tests="2" skipped="0" failures="0" errors="0" timestamp="2021-10-27T14:18:02" hostname="PC" time="0.573">
  <properties/>
  <testcase name="hello가_리턴된다" classname="com.kim.book.springboot.web.HelloControllerTest" time="0.222"/>
  <testcase name="helloDto가_리턴된다" classname="com.kim.book.springboot.web.HelloControllerTest" time="0.347"/>
  <system-out><![CDATA[2021-10-27 23:17:53.224  INFO 19868 --- [    Test worker] .b.t.a.w.s.WebMvcTestContextBootstrapper : Neither @ContextConfiguration nor @ContextHierarchy found for test class [com.kim.book.springboot.web.HelloControllerTest], using SpringBootContextLoader
2021-10-27 23:17:53.259  INFO 19868 --- [    Test worker] o.s.t.c.support.AbstractContextLoader    : Could not detect default resource locations for test class [com.kim.book.springboot.web.HelloControllerTest]: no resource found for suffixes {-context.xml, Context.groovy}.
2021-10-27 23:17:53.263  INFO 19868 --- [    Test worker] t.c.s.AnnotationConfigContextLoaderUtils : Could not detect default configuration classes for test class [com.kim.book.springboot.web.HelloControllerTest]: HelloControllerTest does not declare any static, non-private, non-final, nested classes annotated with @Configuration.
2021-10-27 23:17:53.929  INFO 19868 --- [    Test worker] .b.t.c.SpringBootTestContextBootstrapper : Found @SpringBootConfiguration com.kim.book.springboot.Application for test class com.kim.book.springboot.web.HelloControllerTest
2021-10-27 23:17:53.934  INFO 19868 --- [    Test worker] .b.t.a.w.s.WebMvcTestContextBootstrapper : Loaded default TestExecutionListener class names from location [META-INF/spring.factories]: [org.springframework.security.test.context.support.WithSecurityContextTestExecutionListener, org.springframework.security.test.context.support.ReactorContextTestExecutionListener, org.springframework.boot.test.autoconfigure.restdocs.RestDocsTestExecutionListener, org.springframework.boot.test.autoconfigure.web.client.MockRestServiceServerResetTestExecutionListener, org.springframework.boot.test.autoconfigure.web.servlet.MockMvcPrintOnlyOnFailureTestExecutionListener, org.springframework.boot.test.autoconfigure.web.servlet.WebDriverTestExecutionListener, org.springframework.boot.test.mock.mockito.MockitoTestExecutionListener, org.springframework.boot.test.mock.mockito.ResetMocksTestExecutionListener, org.springframework.test.context.web.ServletTestExecutionListener, org.springframework.test.context.support.DirtiesContextBeforeModesTestExecutionListener, org.springframework.test.context.support.DependencyInjectionTestExecutionListener, org.springframework.test.context.support.DirtiesContextTestExecutionListener, org.springframework.test.context.transaction.TransactionalTestExecutionListener, org.springframework.test.context.jdbc.SqlScriptsTestExecutionListener]
2021-10-27 23:17:54.011  INFO 19868 --- [    Test worker] .b.t.a.w.s.WebMvcTestContextBootstrapper : Using TestExecutionListeners: [org.springframework.test.context.web.ServletTestExecutionListener@31eba1db, org.springframework.test.context.support.DirtiesContextBeforeModesTestExecutionListener@48022088, org.springframework.boot.test.mock.mockito.MockitoTestExecutionListener@10baa8bc, org.springframework.boot.test.autoconfigure.SpringBootDependencyInjectionTestExecutionListener@13963afc, org.springframework.test.context.support.DirtiesContextTestExecutionListener@7f9fa42c, org.springframework.test.context.transaction.TransactionalTestExecutionListener@2640dd37, org.springframework.test.context.jdbc.SqlScriptsTestExecutionListener@637a6e0b, org.springframework.security.test.context.support.WithSecurityContextTestExecutionListener@4199e942, org.springframework.security.test.context.support.ReactorContextTestExecutionListener@43259b99, org.springframework.boot.test.autoconfigure.restdocs.RestDocsTestExecutionListener@63ac5faf, org.springframework.boot.test.autoconfigure.web.client.MockRestServiceServerResetTestExecutionListener@53966fe7, org.springframework.boot.test.autoconfigure.web.servlet.MockMvcPrintOnlyOnFailureTestExecutionListener@5dcb4f2e, org.springframework.boot.test.autoconfigure.web.servlet.WebDriverTestExecutionListener@325dfe5d, org.springframework.boot.test.mock.mockito.ResetMocksTestExecutionListener@330d9e9e]

  .   ____          _            __ _ _
 /\\ / ___'_ __ _ _(_)_ __  __ _ \ \ \ \
( ( )\___ | '_ | '_| | '_ \/ _` | \ \ \ \
 \\/  ___)| |_)| | | | | || (_| |  ) ) ) )
  '  |____| .__|_| |_|_| |_\__, | / / / /
 =========|_|==============|___/=/_/_/_/
 :: Spring Boot ::        (v2.1.7.RELEASE)

2021-10-27 23:17:55.031  INFO 19868 --- [    Test worker] c.k.b.s.web.HelloControllerTest          : Starting HelloControllerTest on PC with PID 19868 (started by 호옹이 in C:\Users\호옹이\Documents\study_spring\springboot2-webservice)
2021-10-27 23:17:55.034  INFO 19868 --- [    Test worker] c.k.b.s.web.HelloControllerTest          : The following profiles are active: oauth
2021-10-27 23:17:58.643  INFO 19868 --- [    Test worker] o.s.s.concurrent.ThreadPoolTaskExecutor  : Initializing ExecutorService 'applicationTaskExecutor'
2021-10-27 23:17:58.932  INFO 19868 --- [    Test worker] o.s.b.a.w.s.WelcomePageHandlerMapping    : Adding welcome page template: index
2021-10-27 23:18:01.165  INFO 19868 --- [    Test worker] .s.s.UserDetailsServiceAutoConfiguration : 

Using generated security password: 6ec4fb7d-8efe-437e-ba3b-2cad39b2edf7

2021-10-27 23:18:01.673  INFO 19868 --- [    Test worker] o.s.s.web.DefaultSecurityFilterChain     : Creating filter chain: any request, [org.springframework.security.web.context.request.async.WebAsyncManagerIntegrationFilter@55be5c8e, org.springframework.security.web.context.SecurityContextPersistenceFilter@7285e354, org.springframework.security.web.header.HeaderWriterFilter@6b4dbb69, org.springframework.security.web.csrf.CsrfFilter@7cfb242d, org.springframework.security.web.authentication.logout.LogoutFilter@596c3466, org.springframework.security.web.authentication.UsernamePasswordAuthenticationFilter@2df4e8d7, org.springframework.security.web.authentication.ui.DefaultLoginPageGeneratingFilter@14f8822, org.springframework.security.web.authentication.ui.DefaultLogoutPageGeneratingFilter@75880a4a, org.springframework.security.web.authentication.www.BasicAuthenticationFilter@16bf633e, org.springframework.security.web.savedrequest.RequestCacheAwareFilter@58b1f423, org.springframework.security.web.servletapi.SecurityContextHolderAwareRequestFilter@5e218aaf, org.springframework.security.web.authentication.AnonymousAuthenticationFilter@18c33156, org.springframework.security.web.session.SessionManagementFilter@4e322061, org.springframework.security.web.access.ExceptionTranslationFilter@36a387a0, org.springframework.security.web.access.intercept.FilterSecurityInterceptor@747d0788]
2021-10-27 23:18:01.781  INFO 19868 --- [    Test worker] o.s.b.t.m.w.SpringBootMockServletContext : Initializing Spring TestDispatcherServlet ''
2021-10-27 23:18:01.781  INFO 19868 --- [    Test worker] o.s.t.web.servlet.TestDispatcherServlet  : Initializing Servlet ''
2021-10-27 23:18:01.832  INFO 19868 --- [    Test worker] o.s.t.web.servlet.TestDispatcherServlet  : Completed initialization in 50 ms
2021-10-27 23:18:02.063  INFO 19868 --- [    Test worker] c.k.b.s.web.HelloControllerTest          : Started HelloControllerTest in 8.031 seconds (JVM running for 76.481)
]]></system-out>
  <system-err><![CDATA[]]></system-err>
</testsuite>
