<?xml version="1.0" encoding="UTF-8"?>
<testsuite name="com.kim.book.springboot.web.domain.posts.PostsRepositoryTest" tests="2" skipped="0" failures="0" errors="0" timestamp="2021-10-27T14:17:50" hostname="PC" time="2.905">
  <properties/>
  <testcase name="게시글저장_불러오기" classname="com.kim.book.springboot.web.domain.posts.PostsRepositoryTest" time="2.763"/>
  <testcase name="BaseTimeEntity_등록" classname="com.kim.book.springboot.web.domain.posts.PostsRepositoryTest" time="0.067"/>
  <system-out><![CDATA[23:16:51.269 [Test worker] DEBUG org.springframework.test.context.junit4.SpringJUnit4ClassRunner - SpringJUnit4ClassRunner constructor called with [class com.kim.book.springboot.web.domain.posts.PostsRepositoryTest]
23:16:51.305 [Test worker] DEBUG org.springframework.test.context.BootstrapUtils - Instantiating CacheAwareContextLoaderDelegate from class [org.springframework.test.context.cache.DefaultCacheAwareContextLoaderDelegate]
23:16:51.359 [Test worker] DEBUG org.springframework.test.context.BootstrapUtils - Instantiating BootstrapContext using constructor [public org.springframework.test.context.support.DefaultBootstrapContext(java.lang.Class,org.springframework.test.context.CacheAwareContextLoaderDelegate)]
23:16:51.710 [Test worker] DEBUG org.springframework.test.context.BootstrapUtils - Instantiating TestContextBootstrapper for test class [com.kim.book.springboot.web.domain.posts.PostsRepositoryTest] from class [org.springframework.boot.test.context.SpringBootTestContextBootstrapper]
23:16:51.782 [Test worker] INFO org.springframework.boot.test.context.SpringBootTestContextBootstrapper - Neither @ContextConfiguration nor @ContextHierarchy found for test class [com.kim.book.springboot.web.domain.posts.PostsRepositoryTest], using SpringBootContextLoader
23:16:51.802 [Test worker] DEBUG org.springframework.test.context.support.AbstractContextLoader - Did not detect default resource location for test class [com.kim.book.springboot.web.domain.posts.PostsRepositoryTest]: class path resource [com/kim/book/springboot/web/domain/posts/PostsRepositoryTest-context.xml] does not exist
23:16:51.808 [Test worker] DEBUG org.springframework.test.context.support.AbstractContextLoader - Did not detect default resource location for test class [com.kim.book.springboot.web.domain.posts.PostsRepositoryTest]: class path resource [com/kim/book/springboot/web/domain/posts/PostsRepositoryTestContext.groovy] does not exist
23:16:51.821 [Test worker] INFO org.springframework.test.context.support.AbstractContextLoader - Could not detect default resource locations for test class [com.kim.book.springboot.web.domain.posts.PostsRepositoryTest]: no resource found for suffixes {-context.xml, Context.groovy}.
23:16:51.828 [Test worker] INFO org.springframework.test.context.support.AnnotationConfigContextLoaderUtils - Could not detect default configuration classes for test class [com.kim.book.springboot.web.domain.posts.PostsRepositoryTest]: PostsRepositoryTest does not declare any static, non-private, non-final, nested classes annotated with @Configuration.
23:16:52.138 [Test worker] DEBUG org.springframework.test.context.support.ActiveProfilesUtils - Could not find an 'annotation declaring class' for annotation type [org.springframework.test.context.ActiveProfiles] and class [com.kim.book.springboot.web.domain.posts.PostsRepositoryTest]
23:16:52.652 [Test worker] DEBUG org.springframework.context.annotation.ClassPathScanningCandidateComponentProvider - Identified candidate component class: file [C:\Users\호옹이\Documents\study_spring\springboot2-webservice\build\classes\java\main\com\kim\book\springboot\Application.class]
23:16:52.659 [Test worker] INFO org.springframework.boot.test.context.SpringBootTestContextBootstrapper - Found @SpringBootConfiguration com.kim.book.springboot.Application for test class com.kim.book.springboot.web.domain.posts.PostsRepositoryTest
23:16:53.118 [Test worker] DEBUG org.springframework.boot.test.context.SpringBootTestContextBootstrapper - @TestExecutionListeners is not present for class [com.kim.book.springboot.web.domain.posts.PostsRepositoryTest]: using defaults.
23:16:53.121 [Test worker] INFO org.springframework.boot.test.context.SpringBootTestContextBootstrapper - Loaded default TestExecutionListener class names from location [META-INF/spring.factories]: [org.springframework.security.test.context.support.WithSecurityContextTestExecutionListener, org.springframework.security.test.context.support.ReactorContextTestExecutionListener, org.springframework.boot.test.autoconfigure.restdocs.RestDocsTestExecutionListener, org.springframework.boot.test.autoconfigure.web.client.MockRestServiceServerResetTestExecutionListener, org.springframework.boot.test.autoconfigure.web.servlet.MockMvcPrintOnlyOnFailureTestExecutionListener, org.springframework.boot.test.autoconfigure.web.servlet.WebDriverTestExecutionListener, org.springframework.boot.test.mock.mockito.MockitoTestExecutionListener, org.springframework.boot.test.mock.mockito.ResetMocksTestExecutionListener, org.springframework.test.context.web.ServletTestExecutionListener, org.springframework.test.context.support.DirtiesContextBeforeModesTestExecutionListener, org.springframework.test.context.support.DependencyInjectionTestExecutionListener, org.springframework.test.context.support.DirtiesContextTestExecutionListener, org.springframework.test.context.transaction.TransactionalTestExecutionListener, org.springframework.test.context.jdbc.SqlScriptsTestExecutionListener]
23:16:53.214 [Test worker] INFO org.springframework.boot.test.context.SpringBootTestContextBootstrapper - Using TestExecutionListeners: [org.springframework.test.context.web.ServletTestExecutionListener@67066de5, org.springframework.test.context.support.DirtiesContextBeforeModesTestExecutionListener@1da646f7, org.springframework.boot.test.mock.mockito.MockitoTestExecutionListener@1fea0889, org.springframework.boot.test.autoconfigure.SpringBootDependencyInjectionTestExecutionListener@6b44c5ff, org.springframework.test.context.support.DirtiesContextTestExecutionListener@3f79f437, org.springframework.test.context.transaction.TransactionalTestExecutionListener@10478cd1, org.springframework.test.context.jdbc.SqlScriptsTestExecutionListener@5f266010, org.springframework.security.test.context.support.WithSecurityContextTestExecutionListener@12802d36, org.springframework.security.test.context.support.ReactorContextTestExecutionListener@6228bb1d, org.springframework.boot.test.autoconfigure.restdocs.RestDocsTestExecutionListener@4e25928d, org.springframework.boot.test.autoconfigure.web.client.MockRestServiceServerResetTestExecutionListener@22ef5db9, org.springframework.boot.test.autoconfigure.web.servlet.MockMvcPrintOnlyOnFailureTestExecutionListener@31153d4f, org.springframework.boot.test.autoconfigure.web.servlet.WebDriverTestExecutionListener@16c28823, org.springframework.boot.test.mock.mockito.ResetMocksTestExecutionListener@7411d18c]
23:16:53.233 [Test worker] DEBUG org.springframework.test.annotation.ProfileValueUtils - Retrieved @ProfileValueSourceConfiguration [null] for test class [com.kim.book.springboot.web.domain.posts.PostsRepositoryTest]
23:16:53.236 [Test worker] DEBUG org.springframework.test.annotation.ProfileValueUtils - Retrieved ProfileValueSource type [class org.springframework.test.annotation.SystemProfileValueSource] for class [com.kim.book.springboot.web.domain.posts.PostsRepositoryTest]
23:16:53.240 [Test worker] DEBUG org.springframework.test.annotation.ProfileValueUtils - Retrieved @ProfileValueSourceConfiguration [null] for test class [com.kim.book.springboot.web.domain.posts.PostsRepositoryTest]
23:16:53.241 [Test worker] DEBUG org.springframework.test.annotation.ProfileValueUtils - Retrieved ProfileValueSource type [class org.springframework.test.annotation.SystemProfileValueSource] for class [com.kim.book.springboot.web.domain.posts.PostsRepositoryTest]
23:16:53.274 [Test worker] DEBUG org.springframework.test.context.support.AbstractDirtiesContextTestExecutionListener - Before test class: context [DefaultTestContext@fdd4e90 testClass = PostsRepositoryTest, testInstance = [null], testMethod = [null], testException = [null], mergedContextConfiguration = [WebMergedContextConfiguration@1ab395ef testClass = PostsRepositoryTest, locations = '{}', classes = '{class com.kim.book.springboot.Application}', contextInitializerClasses = '[]', activeProfiles = '{}', propertySourceLocations = '{}', propertySourceProperties = '{org.springframework.boot.test.context.SpringBootTestContextBootstrapper=true}', contextCustomizers = set[org.springframework.boot.test.autoconfigure.properties.PropertyMappingContextCustomizer@0, org.springframework.boot.test.autoconfigure.web.servlet.WebDriverContextCustomizerFactory$Customizer@1d859921, org.springframework.boot.test.context.filter.ExcludeFilterContextCustomizer@775f5887, org.springframework.boot.test.json.DuplicateJsonObjectContextCustomizerFactory$DuplicateJsonObjectContextCustomizer@26b1bec3, org.springframework.boot.test.mock.mockito.MockitoContextCustomizer@0, org.springframework.boot.test.web.client.TestRestTemplateContextCustomizer@6024fc7c], resourceBasePath = 'src/main/webapp', contextLoader = 'org.springframework.boot.test.context.SpringBootContextLoader', parent = [null]], attributes = map['org.springframework.test.context.web.ServletTestExecutionListener.activateListener' -> true]], class annotated with @DirtiesContext [false] with mode [null].
23:16:53.279 [Test worker] DEBUG org.springframework.test.annotation.ProfileValueUtils - Retrieved @ProfileValueSourceConfiguration [null] for test class [com.kim.book.springboot.web.domain.posts.PostsRepositoryTest]
23:16:53.281 [Test worker] DEBUG org.springframework.test.annotation.ProfileValueUtils - Retrieved ProfileValueSource type [class org.springframework.test.annotation.SystemProfileValueSource] for class [com.kim.book.springboot.web.domain.posts.PostsRepositoryTest]
23:16:53.540 [Test worker] DEBUG org.springframework.test.context.support.TestPropertySourceUtils - Adding inlined properties to environment: {spring.jmx.enabled=false, org.springframework.boot.test.context.SpringBootTestContextBootstrapper=true, server.port=-1}

  .   ____          _            __ _ _
 /\\ / ___'_ __ _ _(_)_ __  __ _ \ \ \ \
( ( )\___ | '_ | '_| | '_ \/ _` | \ \ \ \
 \\/  ___)| |_)| | | | | || (_| |  ) ) ) )
  '  |____| .__|_| |_|_| |_\__, | / / / /
 =========|_|==============|___/=/_/_/_/
 :: Spring Boot ::        (v2.1.7.RELEASE)

2021-10-27 23:16:55.635  INFO 19868 --- [    Test worker] c.k.b.s.w.d.posts.PostsRepositoryTest    : Starting PostsRepositoryTest on PC with PID 19868 (started by 호옹이 in C:\Users\호옹이\Documents\study_spring\springboot2-webservice)
2021-10-27 23:16:55.637  INFO 19868 --- [    Test worker] c.k.b.s.w.d.posts.PostsRepositoryTest    : The following profiles are active: oauth
2021-10-27 23:17:03.891  INFO 19868 --- [    Test worker] .s.d.r.c.RepositoryConfigurationDelegate : Bootstrapping Spring Data repositories in DEFAULT mode.
2021-10-27 23:17:04.878  INFO 19868 --- [    Test worker] .s.d.r.c.RepositoryConfigurationDelegate : Finished Spring Data repository scanning in 782ms. Found 2 repository interfaces.
2021-10-27 23:17:08.505  INFO 19868 --- [    Test worker] trationDelegate$BeanPostProcessorChecker : Bean 'org.springframework.transaction.annotation.ProxyTransactionManagementConfiguration' of type [org.springframework.transaction.annotation.ProxyTransactionManagementConfiguration$$EnhancerBySpringCGLIB$$4240529e] is not eligible for getting processed by all BeanPostProcessors (for example: not eligible for auto-proxying)
2021-10-27 23:17:10.725  INFO 19868 --- [    Test worker] com.zaxxer.hikari.HikariDataSource       : HikariPool-1 - Starting...
2021-10-27 23:17:11.900  INFO 19868 --- [    Test worker] com.zaxxer.hikari.HikariDataSource       : HikariPool-1 - Start completed.
2021-10-27 23:17:12.406  INFO 19868 --- [    Test worker] o.hibernate.jpa.internal.util.LogHelper  : HHH000204: Processing PersistenceUnitInfo [
	name: default
	...]
2021-10-27 23:17:12.762  INFO 19868 --- [    Test worker] org.hibernate.Version                    : HHH000412: Hibernate Core {5.3.10.Final}
2021-10-27 23:17:12.774  INFO 19868 --- [    Test worker] org.hibernate.cfg.Environment            : HHH000206: hibernate.properties not found
2021-10-27 23:17:14.091  INFO 19868 --- [    Test worker] o.hibernate.annotations.common.Version   : HCANN000001: Hibernate Commons Annotations {5.0.4.Final}
2021-10-27 23:17:15.819  INFO 19868 --- [    Test worker] org.hibernate.dialect.Dialect            : HHH000400: Using dialect: org.hibernate.dialect.MySQL5Dialect
Hibernate: drop table if exists posts
Hibernate: drop table if exists user
Hibernate: create table posts (id bigint not null auto_increment, create_date datetime, modified_date datetime, author varchar(255), content Text not null, title varchar(500) not null, primary key (id)) engine=MyISAM
Hibernate: create table user (id bigint not null auto_increment, create_date datetime, modified_date datetime, email varchar(255) not null, name varchar(255) not null, picture varchar(255), role varchar(255) not null, primary key (id)) engine=MyISAM
2021-10-27 23:17:22.152  INFO 19868 --- [    Test worker] o.h.t.schema.internal.SchemaCreatorImpl  : HHH000476: Executing import script 'org.hibernate.tool.schema.internal.exec.ScriptSourceInputNonExistentImpl@6e5414b8'
2021-10-27 23:17:22.167  INFO 19868 --- [    Test worker] j.LocalContainerEntityManagerFactoryBean : Initialized JPA EntityManagerFactory for persistence unit 'default'
2021-10-27 23:17:28.392  INFO 19868 --- [    Test worker] o.h.h.i.QueryTranslatorFactoryInitiator  : HHH000397: Using ASTQueryTranslatorFactory
2021-10-27 23:17:34.543  INFO 19868 --- [    Test worker] o.s.s.web.DefaultSecurityFilterChain     : Creating filter chain: any request, [org.springframework.security.web.context.request.async.WebAsyncManagerIntegrationFilter@4c67aac6, org.springframework.security.web.context.SecurityContextPersistenceFilter@37f7fe2, org.springframework.security.web.header.HeaderWriterFilter@4b6251b3, org.springframework.security.web.authentication.logout.LogoutFilter@457e44f7, org.springframework.security.oauth2.client.web.OAuth2AuthorizationRequestRedirectFilter@207c7dc0, org.springframework.security.oauth2.client.web.OAuth2LoginAuthenticationFilter@6c569166, org.springframework.security.web.authentication.ui.DefaultLoginPageGeneratingFilter@3a27064, org.springframework.security.web.authentication.ui.DefaultLogoutPageGeneratingFilter@1dc48a7d, org.springframework.security.web.savedrequest.RequestCacheAwareFilter@29a23efa, org.springframework.security.web.servletapi.SecurityContextHolderAwareRequestFilter@9c534f6, org.springframework.security.web.authentication.AnonymousAuthenticationFilter@32f862e6, org.springframework.security.web.session.SessionManagementFilter@1750736b, org.springframework.security.web.access.ExceptionTranslationFilter@3f0ae505, org.springframework.security.web.access.intercept.FilterSecurityInterceptor@2b4b0dfb]
2021-10-27 23:17:41.190  INFO 19868 --- [    Test worker] o.s.s.concurrent.ThreadPoolTaskExecutor  : Initializing ExecutorService 'applicationTaskExecutor'
2021-10-27 23:17:42.271  WARN 19868 --- [    Test worker] aWebConfiguration$JpaWebMvcConfiguration : spring.jpa.open-in-view is enabled by default. Therefore, database queries may be performed during view rendering. Explicitly configure spring.jpa.open-in-view to disable this warning
2021-10-27 23:17:42.549  INFO 19868 --- [    Test worker] o.s.b.a.w.s.WelcomePageHandlerMapping    : Adding welcome page template: index
2021-10-27 23:17:49.307  INFO 19868 --- [    Test worker] s.a.ScheduledAnnotationBeanPostProcessor : No TaskScheduler/ScheduledExecutorService bean found for scheduled processing
2021-10-27 23:17:49.933  INFO 19868 --- [    Test worker] c.k.b.s.w.d.posts.PostsRepositoryTest    : Started PostsRepositoryTest in 56.272 seconds (JVM running for 64.352)
Hibernate: insert into posts (create_date, modified_date, author, content, title) values (?, ?, ?, ?, ?)
Hibernate: select posts0_.id as id1_0_, posts0_.create_date as create_d2_0_, posts0_.modified_date as modified3_0_, posts0_.author as author4_0_, posts0_.content as content5_0_, posts0_.title as title6_0_ from posts posts0_
Hibernate: select posts0_.id as id1_0_, posts0_.create_date as create_d2_0_, posts0_.modified_date as modified3_0_, posts0_.author as author4_0_, posts0_.content as content5_0_, posts0_.title as title6_0_ from posts posts0_
Hibernate: delete from posts where id=?
Hibernate: insert into posts (create_date, modified_date, author, content, title) values (?, ?, ?, ?, ?)
Hibernate: select posts0_.id as id1_0_, posts0_.create_date as create_d2_0_, posts0_.modified_date as modified3_0_, posts0_.author as author4_0_, posts0_.content as content5_0_, posts0_.title as title6_0_ from posts posts0_
>>>>>>>>>> createDate=2021-10-27T23:17:53.086, modifiedDate=2021-10-27T23:17:53.086
Hibernate: select posts0_.id as id1_0_, posts0_.create_date as create_d2_0_, posts0_.modified_date as modified3_0_, posts0_.author as author4_0_, posts0_.content as content5_0_, posts0_.title as title6_0_ from posts posts0_
Hibernate: delete from posts where id=?
]]></system-out>
  <system-err><![CDATA[]]></system-err>
</testsuite>
